<?xml version="1.0" encoding="UTF-8"?>
<coverage generated="1665476686824" clover="3.2.0">
  <project timestamp="1665476686825" name="All files">
    <metrics statements="37" coveredstatements="24" conditionals="8" coveredconditionals="3" methods="8" coveredmethods="4" elements="53" coveredelements="31" complexity="0" loc="37" ncloc="37" packages="1" files="3" classes="3"/>
    <file name="getChange.ts" path="/Users/jmcf/work/develop/algorithms2ndtake/dummy-env-typescript/src/getChange.ts">
      <metrics statements="19" coveredstatements="17" conditionals="4" coveredconditionals="2" methods="1" coveredmethods="1"/>
      <line num="1" count="1" type="stmt"/>
      <line num="2" count="2" type="cond" truecount="2" falsecount="1"/>
      <line num="3" count="0" type="stmt"/>
      <line num="6" count="2" type="cond" truecount="0" falsecount="1"/>
      <line num="7" count="0" type="stmt"/>
      <line num="11" count="2" type="stmt"/>
      <line num="14" count="2" type="stmt"/>
      <line num="16" count="2" type="stmt"/>
      <line num="19" count="2" type="stmt"/>
      <line num="22" count="2" type="stmt"/>
      <line num="23" count="2" type="stmt"/>
      <line num="25" count="2" type="stmt"/>
      <line num="26" count="2" type="stmt"/>
      <line num="28" count="2" type="stmt"/>
      <line num="30" count="10" type="stmt"/>
      <line num="32" count="10" type="stmt"/>
      <line num="34" count="10" type="stmt"/>
      <line num="37" count="2" type="stmt"/>
      <line num="39" count="2" type="stmt"/>
    </file>
    <file name="index.ts" path="/Users/jmcf/work/develop/algorithms2ndtake/dummy-env-typescript/src/index.ts">
      <metrics statements="9" coveredstatements="0" conditionals="1" coveredconditionals="0" methods="4" coveredmethods="0"/>
      <line num="4" count="0" type="stmt"/>
      <line num="9" count="0" type="stmt"/>
      <line num="11" count="0" type="cond" truecount="0" falsecount="1"/>
      <line num="12" count="0" type="stmt"/>
      <line num="15" count="0" type="stmt"/>
      <line num="19" count="0" type="stmt"/>
      <line num="21" count="0" type="stmt"/>
      <line num="23" count="0" type="stmt"/>
      <line num="26" count="0" type="stmt"/>
    </file>
    <file name="parser.ts" path="/Users/jmcf/work/develop/algorithms2ndtake/dummy-env-typescript/src/parser.ts">
      <metrics statements="9" coveredstatements="7" conditionals="3" coveredconditionals="1" methods="3" coveredmethods="3"/>
      <line num="1" count="1" type="stmt"/>
      <line num="7" count="1" type="cond" truecount="0" falsecount="1"/>
      <line num="8" count="0" type="stmt"/>
      <line num="10" count="1" type="stmt"/>
      <line num="14" count="3" type="cond" truecount="0" falsecount="1"/>
      <line num="15" count="0" type="stmt"/>
      <line num="18" count="3" type="cond" truecount="1" falsecount="0"/>
      <line num="19" count="1" type="stmt"/>
      <line num="22" count="2" type="stmt"/>
    </file>
  </project>
</coverage>
