{"/Users/jmcf/work/develop/algorithms2ndtake/dummy-env-typescript/src/getChange.ts": {"path":"/Users/jmcf/work/develop/algorithms2ndtake/dummy-env-typescript/src/getChange.ts","statementMap":{"0":{"start":{"line":2,"column":2},"end":{"line":4,"column":null}},"1":{"start":{"line":3,"column":4},"end":{"line":3,"column":42}},"2":{"start":{"line":6,"column":2},"end":{"line":8,"column":null}},"3":{"start":{"line":7,"column":4},"end":{"line":7,"column":47}},"4":{"start":{"line":11,"column":21},"end":{"line":11,"column":60}},"5":{"start":{"line":14,"column":21},"end":{"line":14,"column":43}},"6":{"start":{"line":16,"column":28},"end":{"line":16,"column":77}},"7":{"start":{"line":19,"column":21},"end":{"line":19,"column":39}},"8":{"start":{"line":22,"column":21},"end":{"line":22,"column":44}},"9":{"start":{"line":23,"column":23},"end":{"line":23,"column":33}},"10":{"start":{"line":25,"column":27},"end":{"line":25,"column":29}},"11":{"start":{"line":26,"column":14},"end":{"line":26,"column":36}},"12":{"start":{"line":28,"column":2},"end":{"line":35,"column":null}},"13":{"start":{"line":30,"column":21},"end":{"line":30,"column":58}},"14":{"start":{"line":32,"column":4},"end":{"line":32,"column":31}},"15":{"start":{"line":34,"column":4},"end":{"line":34,"column":42}},"16":{"start":{"line":37,"column":2},"end":{"line":37,"column":26}},"17":{"start":{"line":39,"column":2},"end":{"line":39,"column":16}},"18":{"start":{"line":1,"column":0},"end":{"line":1,"column":16}}},"fnMap":{"0":{"name":"getChange","decl":{"start":{"line":1,"column":16},"end":{"line":1,"column":25}},"loc":{"start":{"line":1,"column":54},"end":{"line":40,"column":1}}}},"branchMap":{"0":{"loc":{"start":{"line":2,"column":2},"end":{"line":4,"column":null}},"type":"if","locations":[{"start":{"line":2,"column":2},"end":{"line":4,"column":null}}]},"1":{"loc":{"start":{"line":2,"column":6},"end":{"line":2,"column":60}},"type":"binary-expr","locations":[{"start":{"line":2,"column":6},"end":{"line":2,"column":31}},{"start":{"line":2,"column":35},"end":{"line":2,"column":60}}]},"2":{"loc":{"start":{"line":6,"column":2},"end":{"line":8,"column":null}},"type":"if","locations":[{"start":{"line":6,"column":2},"end":{"line":8,"column":null}}]}},"s":{"0":2,"1":0,"2":2,"3":0,"4":2,"5":2,"6":2,"7":2,"8":2,"9":2,"10":2,"11":2,"12":2,"13":10,"14":10,"15":10,"16":2,"17":2,"18":1},"f":{"0":2},"b":{"0":[0],"1":[2,2],"2":[0]}}
,"/Users/jmcf/work/develop/algorithms2ndtake/dummy-env-typescript/src/index.ts": {"path":"/Users/jmcf/work/develop/algorithms2ndtake/dummy-env-typescript/src/index.ts","statementMap":{"0":{"start":{"line":4,"column":2},"end":{"line":4,"column":14}},"1":{"start":{"line":9,"column":19},"end":{"line":9,"column":35}},"2":{"start":{"line":11,"column":2},"end":{"line":13,"column":null}},"3":{"start":{"line":12,"column":4},"end":{"line":12,"column":27}},"4":{"start":{"line":15,"column":2},"end":{"line":15,"column":63}},"5":{"start":{"line":19,"column":2},"end":{"line":19,"column":35}},"6":{"start":{"line":21,"column":17},"end":{"line":21,"column":126}},"7":{"start":{"line":23,"column":2},"end":{"line":23,"column":22}},"8":{"start":{"line":26,"column":0},"end":{"line":26,"column":56}},"9":{"start":{"line":26,"column":26},"end":{"line":26,"column":54}}},"fnMap":{"0":{"name":"say","decl":{"start":{"line":3,"column":9},"end":{"line":3,"column":12}},"loc":{"start":{"line":3,"column":25},"end":{"line":5,"column":1}}},"1":{"name":"fetchJson","decl":{"start":{"line":8,"column":15},"end":{"line":8,"column":24}},"loc":{"start":{"line":8,"column":36},"end":{"line":16,"column":1}}},"2":{"name":"run","decl":{"start":{"line":18,"column":15},"end":{"line":18,"column":18}},"loc":{"start":{"line":18,"column":18},"end":{"line":24,"column":1}}},"3":{"name":"(anonymous_3)","decl":{"start":{"line":26,"column":19},"end":{"line":26,"column":22}},"loc":{"start":{"line":26,"column":26},"end":{"line":26,"column":54}}}},"branchMap":{"0":{"loc":{"start":{"line":11,"column":2},"end":{"line":13,"column":null}},"type":"if","locations":[{"start":{"line":11,"column":2},"end":{"line":13,"column":null}}]}},"s":{"0":0,"1":0,"2":0,"3":0,"4":0,"5":0,"6":0,"7":0,"8":0,"9":0},"f":{"0":0,"1":0,"2":0,"3":0},"b":{"0":[0]}}
,"/Users/jmcf/work/develop/algorithms2ndtake/dummy-env-typescript/src/parser.ts": {"path":"/Users/jmcf/work/develop/algorithms2ndtake/dummy-env-typescript/src/parser.ts","statementMap":{"0":{"start":{"line":7,"column":4},"end":{"line":9,"column":null}},"1":{"start":{"line":8,"column":6},"end":{"line":8,"column":47}},"2":{"start":{"line":10,"column":4},"end":{"line":10,"column":24}},"3":{"start":{"line":14,"column":4},"end":{"line":16,"column":null}},"4":{"start":{"line":15,"column":6},"end":{"line":15,"column":47}},"5":{"start":{"line":18,"column":4},"end":{"line":20,"column":null}},"6":{"start":{"line":19,"column":6},"end":{"line":19,"column":41}},"7":{"start":{"line":22,"column":4},"end":{"line":22,"column":36}},"8":{"start":{"line":1,"column":0},"end":{"line":1,"column":13}}},"fnMap":{"0":{"name":"(anonymous_0)","decl":{"start":{"line":2,"column":2},"end":{"line":2,"column":null}},"loc":{"start":{"line":2,"column":2},"end":{"line":4,"column":3}}},"1":{"name":"(anonymous_1)","decl":{"start":{"line":6,"column":9},"end":{"line":6,"column":14}},"loc":{"start":{"line":6,"column":24},"end":{"line":11,"column":3}}},"2":{"name":"(anonymous_2)","decl":{"start":{"line":13,"column":9},"end":{"line":13,"column":12}},"loc":{"start":{"line":13,"column":40},"end":{"line":23,"column":3}}}},"branchMap":{"0":{"loc":{"start":{"line":7,"column":4},"end":{"line":9,"column":null}},"type":"if","locations":[{"start":{"line":7,"column":4},"end":{"line":9,"column":null}}]},"1":{"loc":{"start":{"line":14,"column":4},"end":{"line":16,"column":null}},"type":"if","locations":[{"start":{"line":14,"column":4},"end":{"line":16,"column":null}}]},"2":{"loc":{"start":{"line":18,"column":4},"end":{"line":20,"column":null}},"type":"if","locations":[{"start":{"line":18,"column":4},"end":{"line":20,"column":null}}]}},"s":{"0":1,"1":0,"2":1,"3":3,"4":0,"5":3,"6":1,"7":2,"8":1},"f":{"0":1,"1":1,"2":3},"b":{"0":[0],"1":[0],"2":[1]}}
}
