TN:
SF:src/getChange.ts
FN:1,getChange
FNF:1
FNH:1
FNDA:2,getChange
DA:1,1
DA:2,2
DA:3,0
DA:6,2
DA:7,0
DA:11,2
DA:14,2
DA:16,2
DA:19,2
DA:22,2
DA:23,2
DA:25,2
DA:26,2
DA:28,2
DA:30,10
DA:32,10
DA:34,10
DA:37,2
DA:39,2
LF:19
LH:17
BRDA:2,0,0,0
BRDA:2,1,0,2
BRDA:2,1,1,2
BRDA:6,2,0,0
BRF:4
BRH:2
end_of_record
TN:
SF:src/index.ts
FN:3,say
FN:8,fetchJson
FN:18,run
FN:26,(anonymous_3)
FNF:4
FNH:0
FNDA:0,say
FNDA:0,fetchJson
FNDA:0,run
FNDA:0,(anonymous_3)
DA:4,0
DA:9,0
DA:11,0
DA:12,0
DA:15,0
DA:19,0
DA:21,0
DA:23,0
DA:26,0
LF:9
LH:0
BRDA:11,0,0,0
BRF:1
BRH:0
end_of_record
TN:
SF:src/parser.ts
FN:2,(anonymous_0)
FN:6,(anonymous_1)
FN:13,(anonymous_2)
FNF:3
FNH:3
FNDA:1,(anonymous_0)
FNDA:1,(anonymous_1)
FNDA:3,(anonymous_2)
DA:1,1
DA:7,1
DA:8,0
DA:10,1
DA:14,3
DA:15,0
DA:18,3
DA:19,1
DA:22,2
LF:9
LH:7
BRDA:7,0,0,0
BRDA:14,1,0,0
BRDA:18,2,0,1
BRF:3
BRH:1
end_of_record
